<?xml version="1.0" encoding="UTF-8"?>
<testng-results ignored="0" total="3" passed="3" failed="0" skipped="0">
  <reporter-output>
  </reporter-output>
  <suite started-at="2023-12-29T15:51:27 IST" name="Test Suite" finished-at="2023-12-29T15:51:28 IST" duration-ms="1315">
    <groups>
    </groups>
    <test started-at="2023-12-29T15:51:27 IST" name="Add products" finished-at="2023-12-29T15:51:27 IST" duration-ms="535">
      <class name="testCases.Add_Products_in_Cart">
        <test-method signature="AddProducts()[pri:0, instance:testCases.Add_Products_in_Cart@2b48a640]" started-at="2023-12-29T15:51:27 IST" name="AddProducts" finished-at="2023-12-29T15:51:27 IST" duration-ms="514" status="PASS">
          <reporter-output>
          </reporter-output>
        </test-method> <!-- AddProducts -->
      </class> <!-- testCases.Add_Products_in_Cart -->
    </test> <!-- Add products -->
    <test started-at="2023-12-29T15:51:27 IST" name="Checkout" finished-at="2023-12-29T15:51:28 IST" duration-ms="463">
      <class name="testCases.Checkout_with_Information">
        <test-method signature="checkoutFunctions()[pri:0, instance:testCases.Checkout_with_Information@611889f4]" started-at="2023-12-29T15:51:27 IST" name="checkoutFunctions" finished-at="2023-12-29T15:51:28 IST" duration-ms="461" status="PASS">
          <reporter-output>
          </reporter-output>
        </test-method> <!-- checkoutFunctions -->
      </class> <!-- testCases.Checkout_with_Information -->
    </test> <!-- Checkout -->
    <test started-at="2023-12-29T15:51:28 IST" name="Logout Application" finished-at="2023-12-29T15:51:28 IST" duration-ms="274">
      <class name="testCases.Logout_Application">
        <test-method is-config="true" signature="launchBrowser()[pri:0, instance:testCases.Logout_Application@614ca7df]" started-at="2023-12-29T15:51:24 IST" name="launchBrowser" finished-at="2023-12-29T15:51:27 IST" duration-ms="2273" status="PASS">
          <reporter-output>
          </reporter-output>
        </test-method> <!-- launchBrowser -->
        <test-method signature="Logout_Function()[pri:0, instance:testCases.Logout_Application@614ca7df]" started-at="2023-12-29T15:51:28 IST" name="Logout_Function" finished-at="2023-12-29T15:51:28 IST" duration-ms="270" status="PASS">
          <reporter-output>
          </reporter-output>
        </test-method> <!-- Logout_Function -->
        <test-method is-config="true" signature="teardown()[pri:0, instance:testCases.Logout_Application@614ca7df]" started-at="2023-12-29T15:51:28 IST" name="teardown" finished-at="2023-12-29T15:51:28 IST" duration-ms="148" status="PASS">
          <reporter-output>
          </reporter-output>
        </test-method> <!-- teardown -->
      </class> <!-- testCases.Logout_Application -->
    </test> <!-- Logout Application -->
  </suite> <!-- Test Suite -->
</testng-results>
